<?xml version="1.0" encoding="UTF-8"?>
<coverage generated="1630174576109" clover="3.2.0">
  <project timestamp="1630174576109" name="All files">
    <metrics statements="9" coveredstatements="4" conditionals="4" coveredconditionals="1" methods="1" coveredmethods="1" elements="14" coveredelements="6" complexity="0" loc="9" ncloc="9" packages="1" files="1" classes="1"/>
    <file name="calculator.js" path="/Users/rocketripuser/Documents/workspace/courses/webpack-learning/src/calculator.js">
      <metrics statements="9" coveredstatements="4" conditionals="4" coveredconditionals="1" methods="1" coveredmethods="1"/>
      <line num="1" count="1" type="stmt"/>
      <line num="2" count="1" type="cond" truecount="1" falsecount="3"/>
      <line num="4" count="0" type="stmt"/>
      <line num="5" count="0" type="stmt"/>
      <line num="8" count="1" type="stmt"/>
      <line num="10" count="1" type="stmt"/>
      <line num="13" count="0" type="stmt"/>
      <line num="14" count="0" type="stmt"/>
      <line num="17" count="0" type="stmt"/>
    </file>
  </project>
</coverage>
